mode: atomic
github.com/Adi-ty/NetPulse/internal/stats/stats.go:22.50,27.31 2 0
github.com/Adi-ty/NetPulse/internal/stats/stats.go:27.31,29.3 1 0
github.com/Adi-ty/NetPulse/internal/stats/stats.go:30.2,30.10 1 0
github.com/Adi-ty/NetPulse/internal/stats/stats.go:33.57,34.30 1 0
github.com/Adi-ty/NetPulse/internal/stats/stats.go:34.30,36.21 2 0
github.com/Adi-ty/NetPulse/internal/stats/stats.go:36.21,38.4 1 0
github.com/Adi-ty/NetPulse/internal/stats/stats.go:38.9,40.4 1 0
github.com/Adi-ty/NetPulse/internal/stats/stats.go:44.58,52.43 6 0
github.com/Adi-ty/NetPulse/internal/stats/stats.go:52.43,61.31 7 0
github.com/Adi-ty/NetPulse/internal/stats/stats.go:61.31,67.4 5 0
github.com/Adi-ty/NetPulse/internal/stats/stats.go:70.2,70.17 1 0
github.com/Adi-ty/NetPulse/internal/stats/stats.go:73.35,75.36 2 0
github.com/Adi-ty/NetPulse/internal/stats/stats.go:75.36,76.28 1 0
github.com/Adi-ty/NetPulse/internal/stats/stats.go:76.28,78.9 2 0
github.com/Adi-ty/NetPulse/internal/stats/stats.go:82.2,82.16 1 0
github.com/Adi-ty/NetPulse/internal/stats/stats.go:82.16,84.3 1 0
github.com/Adi-ty/NetPulse/internal/stats/stats.go:86.2,88.43 3 0
github.com/Adi-ty/NetPulse/internal/stats/stats.go:88.43,89.28 1 0
github.com/Adi-ty/NetPulse/internal/stats/stats.go:89.28,91.35 2 0
github.com/Adi-ty/NetPulse/internal/stats/stats.go:91.35,93.5 1 0
github.com/Adi-ty/NetPulse/internal/stats/stats.go:98.38,100.25 2 0
github.com/Adi-ty/NetPulse/internal/stats/stats.go:100.25,102.3 1 0
github.com/Adi-ty/NetPulse/internal/stats/stats.go:103.2,103.33 1 0
github.com/Adi-ty/NetPulse/internal/stats/stats.go:106.52,107.20 1 0
github.com/Adi-ty/NetPulse/internal/stats/stats.go:107.20,109.3 1 0
github.com/Adi-ty/NetPulse/internal/stats/stats.go:110.2,111.20 2 0
github.com/Adi-ty/NetPulse/internal/config/config.go:15.26,17.2 1 0
github.com/Adi-ty/NetPulse/internal/config/config.go:19.31,25.2 5 0
github.com/Adi-ty/NetPulse/internal/config/config.go:27.38,29.2 1 0
github.com/Adi-ty/NetPulse/cmd/netpulse/main.go:17.13,21.29 3 0
github.com/Adi-ty/NetPulse/cmd/netpulse/main.go:21.29,24.3 2 0
github.com/Adi-ty/NetPulse/cmd/netpulse/main.go:26.2,40.43 10 0
github.com/Adi-ty/NetPulse/cmd/netpulse/main.go:43.52,46.12 3 0
github.com/Adi-ty/NetPulse/cmd/netpulse/main.go:46.12,49.3 2 0
github.com/Adi-ty/NetPulse/internal/config/config.go:15.26,17.2 1 0
github.com/Adi-ty/NetPulse/internal/config/config.go:19.31,25.2 5 0
github.com/Adi-ty/NetPulse/internal/config/config.go:27.38,29.2 1 0
github.com/Adi-ty/NetPulse/internal/ping/ping.go:29.44,40.2 1 1
github.com/Adi-ty/NetPulse/internal/ping/ping.go:42.66,45.43 2 1
github.com/Adi-ty/NetPulse/internal/ping/ping.go:45.43,47.21 2 2
github.com/Adi-ty/NetPulse/internal/ping/ping.go:47.21,50.4 2 2
github.com/Adi-ty/NetPulse/internal/ping/ping.go:53.2,54.16 2 1
github.com/Adi-ty/NetPulse/internal/ping/ping.go:57.92,61.41 3 2
github.com/Adi-ty/NetPulse/internal/ping/ping.go:61.41,63.13 2 4
github.com/Adi-ty/NetPulse/internal/ping/ping.go:63.13,65.19 2 4
github.com/Adi-ty/NetPulse/internal/ping/ping.go:65.19,66.12 1 10
github.com/Adi-ty/NetPulse/internal/ping/ping.go:67.23,68.12 1 0
github.com/Adi-ty/NetPulse/internal/ping/ping.go:69.13,70.43 1 10
github.com/Adi-ty/NetPulse/internal/ping/ping.go:76.2,76.38 1 2
github.com/Adi-ty/NetPulse/internal/ping/ping.go:76.38,78.3 1 10
github.com/Adi-ty/NetPulse/internal/ping/ping.go:79.2,80.11 2 2
github.com/Adi-ty/NetPulse/internal/ping/ping.go:83.57,92.16 4 10
github.com/Adi-ty/NetPulse/internal/ping/ping.go:92.16,94.54 2 5
github.com/Adi-ty/NetPulse/internal/ping/ping.go:94.54,98.4 3 5
github.com/Adi-ty/NetPulse/internal/ping/ping.go:102.2,103.16 2 5
github.com/Adi-ty/NetPulse/internal/ping/ping.go:103.16,108.3 4 5
github.com/Adi-ty/NetPulse/internal/ping/ping.go:110.2,111.15 2 0
